<?xml version="1.0" encoding="UTF-8"?>
<testsuite xmlns:xsi="http://www.w3.org/2001/XMLSchema-instance" xsi:noNamespaceSchemaLocation="https://maven.apache.org/surefire/maven-surefire-plugin/xsd/surefire-test-report.xsd" name="com.adactin.runner.Runner" time="43.248" tests="73" errors="0" skipped="0" failures="0">
  <properties>
[...]
</properties>
  <testcase name="Given the user is logged in" classname="| Crazie | a1s1a1 |" time="0.002"/>
  <testcase name="And goes to landing page" classname="| Crazie | a1s1a1 |" time="0"/>
  <testcase name="Given User launch the adactin application" classname="| Crazie | a1s1a1 |" time="0"/>
  <testcase name="When User enter the &quot;Crazie&quot; valid username" classname="| Crazie | a1s1a1 |" time="0"/>
  <testcase name="And User enter the &quot;a1s1a1&quot; valid password" classname="| Crazie | a1s1a1 |" time="0"/>
  <testcase name="And User enter the login button" classname="| Crazie | a1s1a1 |" time="0"/>
  <testcase name="Then It lands to the homepage successfully" classname="| Crazie | a1s1a1 |" time="0"/>
  <testcase name="| Crazie | a1s1a1 |" classname="| Crazie | a1s1a1 |" time="0.001"/>
  <testcase name="Given the user is logged in" classname="| Craziequeen | b1v2b1 |" time="0"/>
  <testcase name="And goes to landing page" classname="| Craziequeen | b1v2b1 |" time="0"/>
  <testcase name="Given User launch the adactin application" classname="| Craziequeen | b1v2b1 |" time="0"/>
  <testcase name="When User enter the &quot;Craziequeen&quot; valid username" classname="| Craziequeen | b1v2b1 |" time="0"/>
  <testcase name="And User enter the &quot;b1v2b1&quot; valid password" classname="| Craziequeen | b1v2b1 |" time="0"/>
  <testcase name="And User enter the login button" classname="| Craziequeen | b1v2b1 |" time="0"/>
  <testcase name="Then It lands to the homepage successfully" classname="| Craziequeen | b1v2b1 |" time="0"/>
  <testcase name="| Craziequeen | b1v2b1 |" classname="| Craziequeen | b1v2b1 |" time="0.005"/>
  <testcase name="Given the user is logged in" classname="| PavithraN | Pavi@2426 |" time="0"/>
  <testcase name="And goes to landing page" classname="| PavithraN | Pavi@2426 |" time="0"/>
  <testcase name="Given User launch the adactin application" classname="| PavithraN | Pavi@2426 |" time="0"/>
  <testcase name="When User enter the &quot;PavithraN&quot; valid username" classname="| PavithraN | Pavi@2426 |" time="0"/>
  <testcase name="And User enter the &quot;Pavi@2426&quot; valid password" classname="| PavithraN | Pavi@2426 |" time="0"/>
  <testcase name="And User enter the login button" classname="| PavithraN | Pavi@2426 |" time="0"/>
  <testcase name="Then It lands to the homepage successfully" classname="| PavithraN | Pavi@2426 |" time="0"/>
  <testcase name="| PavithraN | Pavi@2426 |" classname="| PavithraN | Pavi@2426 |" time="0.001"/>
  <testcase name="Given the user is logged in" classname="Scenario: User searching the required hotel for lovable stay" time="0"/>
  <testcase name="And goes to landing page" classname="Scenario: User searching the required hotel for lovable stay" time="0"/>
  <testcase name="Given User select the required location" classname="Scenario: User searching the required hotel for lovable stay" time="0"/>
  <testcase name="When User select the number of rooms" classname="Scenario: User searching the required hotel for lovable stay" time="0"/>
  <testcase name="And User mentioning checkin date" classname="Scenario: User searching the required hotel for lovable stay" time="0"/>
  <testcase name="And User mentioning checkout date" classname="Scenario: User searching the required hotel for lovable stay" time="0"/>
  <testcase name="And User selecting adults per room" classname="Scenario: User searching the required hotel for lovable stay" time="0"/>
  <testcase name="And User enter the search button" classname="Scenario: User searching the required hotel for lovable stay" time="0"/>
  <testcase name="Then It lands to the nextpage succesfully" classname="Scenario: User searching the required hotel for lovable stay" time="0"/>
  <testcase name="Scenario: User searching the required hotel for lovable stay" classname="Scenario: User searching the required hotel for lovable stay" time="0.001"/>
  <testcase name="Given the user is logged in" classname="Scenario: User selecting hotel in that specific location" time="0"/>
  <testcase name="And goes to landing page" classname="Scenario: User selecting hotel in that specific location" time="0"/>
  <testcase name="Given User select his favourite hotel" classname="Scenario: User selecting hotel in that specific location" time="0"/>
  <testcase name="When User enter the continue button" classname="Scenario: User selecting hotel in that specific location" time="0"/>
  <testcase name="Then It lands to the nextpage succesfully" classname="Scenario: User selecting hotel in that specific location" time="0"/>
  <testcase name="Scenario: User selecting hotel in that specific location" classname="Scenario: User selecting hotel in that specific location" time="0.001"/>
  <testcase name="Given the user is logged in" classname="Scenario: User mentioning details to book the hotel" time="0"/>
  <testcase name="And goes to landing page" classname="Scenario: User mentioning details to book the hotel" time="0"/>
  <testcase name="Given User mentioning &quot;Aashiq&quot; firstname" classname="Scenario: User mentioning details to book the hotel" time="0"/>
  <testcase name="When User mentioning &quot;crazie&quot; lastname" classname="Scenario: User mentioning details to book the hotel" time="0"/>
  <testcase name="And User mentioning billing address" classname="Scenario: User mentioning details to book the hotel" time="0"/>
  <testcase name="And User mentioning creditcard number" classname="Scenario: User mentioning details to book the hotel" time="0"/>
  <testcase name="And User selecting creditcard type" classname="Scenario: User mentioning details to book the hotel" time="0"/>
  <testcase name="And User mentioning month of expiry" classname="Scenario: User mentioning details to book the hotel" time="0"/>
  <testcase name="And user mentioning year of expiry" classname="Scenario: User mentioning details to book the hotel" time="0"/>
  <testcase name="And User mentioning the cvv number" classname="Scenario: User mentioning details to book the hotel" time="0"/>
  <testcase name="And User enter the booknow button" classname="Scenario: User mentioning details to book the hotel" time="0"/>
  <testcase name="Then It lands to nextpage succesfully" classname="Scenario: User mentioning details to book the hotel" time="0"/>
  <testcase name="Scenario: User mentioning details to book the hotel" classname="Scenario: User mentioning details to book the hotel" time="0.001"/>
  <testcase name="Given the user is logged in" classname="Scenario: User validating booking confirmation page" time="0"/>
  <testcase name="And goes to landing page" classname="Scenario: User validating booking confirmation page" time="0"/>
  <testcase name="Given User enter the myitenary button" classname="Scenario: User validating booking confirmation page" time="0"/>
  <testcase name="Then It lands to nextpage succesfully" classname="Scenario: User validating booking confirmation page" time="0"/>
  <testcase name="Scenario: User validating booking confirmation page" classname="Scenario: User validating booking confirmation page" time="0.001"/>
  <testcase name="Given the user is logged in" classname="Scenario: User selecting hotel for cancellation" time="0"/>
  <testcase name="And goes to landing page" classname="Scenario: User selecting hotel for cancellation" time="0"/>
  <testcase name="Given User selecting reqiured hotel to cancel" classname="Scenario: User selecting hotel for cancellation" time="0"/>
  <testcase name="Scenario: User selecting hotel for cancellation" classname="Scenario: User selecting hotel for cancellation" time="0.001"/>
  <testcase name="Given the user is logged in" classname="Scenario: User entering cancelbutton and confirming the cancellation" time="0"/>
  <testcase name="And goes to landing page" classname="Scenario: User entering cancelbutton and confirming the cancellation" time="0"/>
  <testcase name="Given User enter the cancel button" classname="Scenario: User entering cancelbutton and confirming the cancellation" time="0"/>
  <testcase name="When user confirming the cancellation" classname="Scenario: User entering cancelbutton and confirming the cancellation" time="0"/>
  <testcase name="Then It loads to nextpage succesfully" classname="Scenario: User entering cancelbutton and confirming the cancellation" time="0.001"/>
  <testcase name="Scenario: User entering cancelbutton and confirming the cancellation" classname="Scenario: User entering cancelbutton and confirming the cancellation" time="0.002"/>
  <testcase name="Given the user is logged in" classname="Scenario: User logout the page" time="0"/>
  <testcase name="And goes to landing page" classname="Scenario: User logout the page" time="0"/>
  <testcase name="Given User enter the logoutbutton" classname="Scenario: User logout the page" time="0"/>
  <testcase name="Then It loads to final page succefully" classname="Scenario: User logout the page" time="0"/>
  <testcase name="Scenario: User logout the page" classname="Scenario: User logout the page" time="0.001"/>
</testsuite>